[INFO  - 2014-07-02T02:53:21.679Z] GhostDriver - Main - running on port 37262
[INFO  - 2014-07-02T02:53:22.303Z] Session [07a503c0-0194-11e4-94cf-4d8564948593] - _decorateNewWindow - page.settings: {"XSSAuditingEnabled":false,"javascriptCanCloseWindows":true,"javascriptCanOpenWindows":true,"javascriptEnabled":true,"loadImages":true,"localToRemoteUrlAccessEnabled":false,"userAgent":"Mozilla/5.0 (Macintosh; PPC Mac OS X) AppleWebKit/534.34 (KHTML, like Gecko) PhantomJS/1.9.2 Safari/534.34","webSecurityEnabled":true}
[INFO  - 2014-07-02T02:53:22.303Z] Session [07a503c0-0194-11e4-94cf-4d8564948593] - page.customHeaders:  - {}
[INFO  - 2014-07-02T02:53:22.303Z] Session [07a503c0-0194-11e4-94cf-4d8564948593] - CONSTRUCTOR - Desired Capabilities: {"phantomjs.binary.path":"/usr/local/bin/phantomjs"}
[INFO  - 2014-07-02T02:53:22.303Z] Session [07a503c0-0194-11e4-94cf-4d8564948593] - CONSTRUCTOR - Negotiated Capabilities: {"browserName":"phantomjs","version":"1.9.2","driverName":"ghostdriver","driverVersion":"1.0.4","platform":"mac-unknown-64bit","javascriptEnabled":true,"takesScreenshot":true,"handlesAlerts":false,"databaseEnabled":false,"locationContextEnabled":false,"applicationCacheEnabled":false,"browserConnectionEnabled":false,"cssSelectorsEnabled":true,"webStorageEnabled":false,"rotatable":false,"acceptSslCerts":false,"nativeEvents":true,"proxy":{"proxyType":"direct"}}
[INFO  - 2014-07-02T02:53:22.303Z] SessionManagerReqHand - _postNewSessionCommand - New Session Created: 07a503c0-0194-11e4-94cf-4d8564948593
[INFO  - 2014-07-02T02:53:50.748Z] GhostDriver - Main - running on port 4143
[INFO  - 2014-07-02T02:53:51.315Z] Session [18efe500-0194-11e4-9aa7-370039b5e9ef] - _decorateNewWindow - page.settings: {"XSSAuditingEnabled":false,"javascriptCanCloseWindows":true,"javascriptCanOpenWindows":true,"javascriptEnabled":true,"loadImages":true,"localToRemoteUrlAccessEnabled":false,"userAgent":"Mozilla/5.0 (Macintosh; PPC Mac OS X) AppleWebKit/534.34 (KHTML, like Gecko) PhantomJS/1.9.2 Safari/534.34","webSecurityEnabled":true}
[INFO  - 2014-07-02T02:53:51.315Z] Session [18efe500-0194-11e4-9aa7-370039b5e9ef] - page.customHeaders:  - {}
[INFO  - 2014-07-02T02:53:51.315Z] Session [18efe500-0194-11e4-9aa7-370039b5e9ef] - CONSTRUCTOR - Desired Capabilities: {"phantomjs.binary.path":"/usr/local/bin/phantomjs"}
[INFO  - 2014-07-02T02:53:51.315Z] Session [18efe500-0194-11e4-9aa7-370039b5e9ef] - CONSTRUCTOR - Negotiated Capabilities: {"browserName":"phantomjs","version":"1.9.2","driverName":"ghostdriver","driverVersion":"1.0.4","platform":"mac-unknown-64bit","javascriptEnabled":true,"takesScreenshot":true,"handlesAlerts":false,"databaseEnabled":false,"locationContextEnabled":false,"applicationCacheEnabled":false,"browserConnectionEnabled":false,"cssSelectorsEnabled":true,"webStorageEnabled":false,"rotatable":false,"acceptSslCerts":false,"nativeEvents":true,"proxy":{"proxyType":"direct"}}
[INFO  - 2014-07-02T02:53:51.315Z] SessionManagerReqHand - _postNewSessionCommand - New Session Created: 18efe500-0194-11e4-9aa7-370039b5e9ef
[INFO  - 2014-07-02T02:58:21.678Z] SessionManagerReqHand - _cleanupWindowlessSessions - Asynchronous Sessions clean-up phase starting NOW
[INFO  - 2014-07-02T02:58:50.747Z] SessionManagerReqHand - _cleanupWindowlessSessions - Asynchronous Sessions clean-up phase starting NOW
[INFO  - 2014-07-02T03:02:20.763Z] GhostDriver - Main - running on port 29847
[INFO  - 2014-07-02T03:02:21.341Z] Session [48efafa0-0195-11e4-a157-a7739878fc2b] - _decorateNewWindow - page.settings: {"XSSAuditingEnabled":false,"javascriptCanCloseWindows":true,"javascriptCanOpenWindows":true,"javascriptEnabled":true,"loadImages":true,"localToRemoteUrlAccessEnabled":false,"userAgent":"Mozilla/5.0 (Macintosh; PPC Mac OS X) AppleWebKit/534.34 (KHTML, like Gecko) PhantomJS/1.9.2 Safari/534.34","webSecurityEnabled":true}
[INFO  - 2014-07-02T03:02:21.341Z] Session [48efafa0-0195-11e4-a157-a7739878fc2b] - page.customHeaders:  - {}
[INFO  - 2014-07-02T03:02:21.341Z] Session [48efafa0-0195-11e4-a157-a7739878fc2b] - CONSTRUCTOR - Desired Capabilities: {"phantomjs.binary.path":"/usr/local/bin/phantomjs"}
[INFO  - 2014-07-02T03:02:21.341Z] Session [48efafa0-0195-11e4-a157-a7739878fc2b] - CONSTRUCTOR - Negotiated Capabilities: {"browserName":"phantomjs","version":"1.9.2","driverName":"ghostdriver","driverVersion":"1.0.4","platform":"mac-unknown-64bit","javascriptEnabled":true,"takesScreenshot":true,"handlesAlerts":false,"databaseEnabled":false,"locationContextEnabled":false,"applicationCacheEnabled":false,"browserConnectionEnabled":false,"cssSelectorsEnabled":true,"webStorageEnabled":false,"rotatable":false,"acceptSslCerts":false,"nativeEvents":true,"proxy":{"proxyType":"direct"}}
[INFO  - 2014-07-02T03:02:21.341Z] SessionManagerReqHand - _postNewSessionCommand - New Session Created: 48efafa0-0195-11e4-a157-a7739878fc2b
[INFO  - 2014-07-02T03:02:36.932Z] GhostDriver - Main - running on port 23598
[INFO  - 2014-07-02T03:02:37.516Z] Session [5293cb90-0195-11e4-aee7-fb124753b2ba] - _decorateNewWindow - page.settings: {"XSSAuditingEnabled":false,"javascriptCanCloseWindows":true,"javascriptCanOpenWindows":true,"javascriptEnabled":true,"loadImages":true,"localToRemoteUrlAccessEnabled":false,"userAgent":"Mozilla/5.0 (Macintosh; PPC Mac OS X) AppleWebKit/534.34 (KHTML, like Gecko) PhantomJS/1.9.2 Safari/534.34","webSecurityEnabled":true}
[INFO  - 2014-07-02T03:02:37.516Z] Session [5293cb90-0195-11e4-aee7-fb124753b2ba] - page.customHeaders:  - {}
[INFO  - 2014-07-02T03:02:37.516Z] Session [5293cb90-0195-11e4-aee7-fb124753b2ba] - CONSTRUCTOR - Desired Capabilities: {"phantomjs.binary.path":"/usr/local/bin/phantomjs"}
[INFO  - 2014-07-02T03:02:37.516Z] Session [5293cb90-0195-11e4-aee7-fb124753b2ba] - CONSTRUCTOR - Negotiated Capabilities: {"browserName":"phantomjs","version":"1.9.2","driverName":"ghostdriver","driverVersion":"1.0.4","platform":"mac-unknown-64bit","javascriptEnabled":true,"takesScreenshot":true,"handlesAlerts":false,"databaseEnabled":false,"locationContextEnabled":false,"applicationCacheEnabled":false,"browserConnectionEnabled":false,"cssSelectorsEnabled":true,"webStorageEnabled":false,"rotatable":false,"acceptSslCerts":false,"nativeEvents":true,"proxy":{"proxyType":"direct"}}
[INFO  - 2014-07-02T03:02:37.516Z] SessionManagerReqHand - _postNewSessionCommand - New Session Created: 5293cb90-0195-11e4-aee7-fb124753b2ba
[INFO  - 2014-07-02T03:03:21.678Z] SessionManagerReqHand - _cleanupWindowlessSessions - Asynchronous Sessions clean-up phase starting NOW
[INFO  - 2014-07-02T03:03:50.747Z] SessionManagerReqHand - _cleanupWindowlessSessions - Asynchronous Sessions clean-up phase starting NOW
[INFO  - 2014-07-02T03:04:17.397Z] GhostDriver - Main - running on port 17945
[INFO  - 2014-07-02T03:04:17.971Z] Session [8e740300-0195-11e4-9dc7-0f08de3cc6d8] - _decorateNewWindow - page.settings: {"XSSAuditingEnabled":false,"javascriptCanCloseWindows":true,"javascriptCanOpenWindows":true,"javascriptEnabled":true,"loadImages":true,"localToRemoteUrlAccessEnabled":false,"userAgent":"Mozilla/5.0 (Macintosh; PPC Mac OS X) AppleWebKit/534.34 (KHTML, like Gecko) PhantomJS/1.9.2 Safari/534.34","webSecurityEnabled":true}
[INFO  - 2014-07-02T03:04:17.971Z] Session [8e740300-0195-11e4-9dc7-0f08de3cc6d8] - page.customHeaders:  - {}
[INFO  - 2014-07-02T03:04:17.971Z] Session [8e740300-0195-11e4-9dc7-0f08de3cc6d8] - CONSTRUCTOR - Desired Capabilities: {"phantomjs.binary.path":"/usr/local/bin/phantomjs"}
[INFO  - 2014-07-02T03:04:17.971Z] Session [8e740300-0195-11e4-9dc7-0f08de3cc6d8] - CONSTRUCTOR - Negotiated Capabilities: {"browserName":"phantomjs","version":"1.9.2","driverName":"ghostdriver","driverVersion":"1.0.4","platform":"mac-unknown-64bit","javascriptEnabled":true,"takesScreenshot":true,"handlesAlerts":false,"databaseEnabled":false,"locationContextEnabled":false,"applicationCacheEnabled":false,"browserConnectionEnabled":false,"cssSelectorsEnabled":true,"webStorageEnabled":false,"rotatable":false,"acceptSslCerts":false,"nativeEvents":true,"proxy":{"proxyType":"direct"}}
[INFO  - 2014-07-02T03:04:17.971Z] SessionManagerReqHand - _postNewSessionCommand - New Session Created: 8e740300-0195-11e4-9dc7-0f08de3cc6d8
[INFO  - 2014-07-02T03:05:01.447Z] GhostDriver - Main - running on port 9729
[INFO  - 2014-07-02T03:05:02.043Z] Session [a8b8dd80-0195-11e4-9ebf-df4b2aa42681] - _decorateNewWindow - page.settings: {"XSSAuditingEnabled":false,"javascriptCanCloseWindows":true,"javascriptCanOpenWindows":true,"javascriptEnabled":true,"loadImages":true,"localToRemoteUrlAccessEnabled":false,"userAgent":"Mozilla/5.0 (Macintosh; PPC Mac OS X) AppleWebKit/534.34 (KHTML, like Gecko) PhantomJS/1.9.2 Safari/534.34","webSecurityEnabled":true}
[INFO  - 2014-07-02T03:05:02.043Z] Session [a8b8dd80-0195-11e4-9ebf-df4b2aa42681] - page.customHeaders:  - {}
[INFO  - 2014-07-02T03:05:02.043Z] Session [a8b8dd80-0195-11e4-9ebf-df4b2aa42681] - CONSTRUCTOR - Desired Capabilities: {"phantomjs.binary.path":"/usr/local/bin/phantomjs"}
[INFO  - 2014-07-02T03:05:02.043Z] Session [a8b8dd80-0195-11e4-9ebf-df4b2aa42681] - CONSTRUCTOR - Negotiated Capabilities: {"browserName":"phantomjs","version":"1.9.2","driverName":"ghostdriver","driverVersion":"1.0.4","platform":"mac-unknown-64bit","javascriptEnabled":true,"takesScreenshot":true,"handlesAlerts":false,"databaseEnabled":false,"locationContextEnabled":false,"applicationCacheEnabled":false,"browserConnectionEnabled":false,"cssSelectorsEnabled":true,"webStorageEnabled":false,"rotatable":false,"acceptSslCerts":false,"nativeEvents":true,"proxy":{"proxyType":"direct"}}
[INFO  - 2014-07-02T03:05:02.043Z] SessionManagerReqHand - _postNewSessionCommand - New Session Created: a8b8dd80-0195-11e4-9ebf-df4b2aa42681
[INFO  - 2014-07-02T03:06:14.517Z] GhostDriver - Main - running on port 8793
[INFO  - 2014-07-02T03:06:15.098Z] Session [d4442c70-0195-11e4-be3e-bd9a52000280] - _decorateNewWindow - page.settings: {"XSSAuditingEnabled":false,"javascriptCanCloseWindows":true,"javascriptCanOpenWindows":true,"javascriptEnabled":true,"loadImages":true,"localToRemoteUrlAccessEnabled":false,"userAgent":"Mozilla/5.0 (Macintosh; PPC Mac OS X) AppleWebKit/534.34 (KHTML, like Gecko) PhantomJS/1.9.2 Safari/534.34","webSecurityEnabled":true}
[INFO  - 2014-07-02T03:06:15.098Z] Session [d4442c70-0195-11e4-be3e-bd9a52000280] - page.customHeaders:  - {}
[INFO  - 2014-07-02T03:06:15.098Z] Session [d4442c70-0195-11e4-be3e-bd9a52000280] - CONSTRUCTOR - Desired Capabilities: {"phantomjs.binary.path":"/usr/local/bin/phantomjs"}
[INFO  - 2014-07-02T03:06:15.098Z] Session [d4442c70-0195-11e4-be3e-bd9a52000280] - CONSTRUCTOR - Negotiated Capabilities: {"browserName":"phantomjs","version":"1.9.2","driverName":"ghostdriver","driverVersion":"1.0.4","platform":"mac-unknown-64bit","javascriptEnabled":true,"takesScreenshot":true,"handlesAlerts":false,"databaseEnabled":false,"locationContextEnabled":false,"applicationCacheEnabled":false,"browserConnectionEnabled":false,"cssSelectorsEnabled":true,"webStorageEnabled":false,"rotatable":false,"acceptSslCerts":false,"nativeEvents":true,"proxy":{"proxyType":"direct"}}
[INFO  - 2014-07-02T03:06:15.099Z] SessionManagerReqHand - _postNewSessionCommand - New Session Created: d4442c70-0195-11e4-be3e-bd9a52000280
[INFO  - 2014-07-02T03:07:20.763Z] SessionManagerReqHand - _cleanupWindowlessSessions - Asynchronous Sessions clean-up phase starting NOW
[INFO  - 2014-07-02T03:07:27.713Z] GhostDriver - Main - running on port 25765
[INFO  - 2014-07-02T03:07:28.274Z] Session [ffe1f1f0-0195-11e4-8af9-cd0392942618] - _decorateNewWindow - page.settings: {"XSSAuditingEnabled":false,"javascriptCanCloseWindows":true,"javascriptCanOpenWindows":true,"javascriptEnabled":true,"loadImages":true,"localToRemoteUrlAccessEnabled":false,"userAgent":"Mozilla/5.0 (Macintosh; PPC Mac OS X) AppleWebKit/534.34 (KHTML, like Gecko) PhantomJS/1.9.2 Safari/534.34","webSecurityEnabled":true}
[INFO  - 2014-07-02T03:07:28.274Z] Session [ffe1f1f0-0195-11e4-8af9-cd0392942618] - page.customHeaders:  - {}
[INFO  - 2014-07-02T03:07:28.275Z] Session [ffe1f1f0-0195-11e4-8af9-cd0392942618] - CONSTRUCTOR - Desired Capabilities: {"phantomjs.binary.path":"/usr/local/bin/phantomjs"}
[INFO  - 2014-07-02T03:07:28.275Z] Session [ffe1f1f0-0195-11e4-8af9-cd0392942618] - CONSTRUCTOR - Negotiated Capabilities: {"browserName":"phantomjs","version":"1.9.2","driverName":"ghostdriver","driverVersion":"1.0.4","platform":"mac-unknown-64bit","javascriptEnabled":true,"takesScreenshot":true,"handlesAlerts":false,"databaseEnabled":false,"locationContextEnabled":false,"applicationCacheEnabled":false,"browserConnectionEnabled":false,"cssSelectorsEnabled":true,"webStorageEnabled":false,"rotatable":false,"acceptSslCerts":false,"nativeEvents":true,"proxy":{"proxyType":"direct"}}
[INFO  - 2014-07-02T03:07:28.275Z] SessionManagerReqHand - _postNewSessionCommand - New Session Created: ffe1f1f0-0195-11e4-8af9-cd0392942618
[INFO  - 2014-07-02T03:07:36.932Z] SessionManagerReqHand - _cleanupWindowlessSessions - Asynchronous Sessions clean-up phase starting NOW
[INFO  - 2014-07-02T03:07:46.128Z] GhostDriver - Main - running on port 34695
[INFO  - 2014-07-02T03:07:46.698Z] Session [0add3970-0196-11e4-82a6-bb08b8b15e64] - _decorateNewWindow - page.settings: {"XSSAuditingEnabled":false,"javascriptCanCloseWindows":true,"javascriptCanOpenWindows":true,"javascriptEnabled":true,"loadImages":true,"localToRemoteUrlAccessEnabled":false,"userAgent":"Mozilla/5.0 (Macintosh; PPC Mac OS X) AppleWebKit/534.34 (KHTML, like Gecko) PhantomJS/1.9.2 Safari/534.34","webSecurityEnabled":true}
[INFO  - 2014-07-02T03:07:46.698Z] Session [0add3970-0196-11e4-82a6-bb08b8b15e64] - page.customHeaders:  - {}
[INFO  - 2014-07-02T03:07:46.699Z] Session [0add3970-0196-11e4-82a6-bb08b8b15e64] - CONSTRUCTOR - Desired Capabilities: {"phantomjs.binary.path":"/usr/local/bin/phantomjs"}
[INFO  - 2014-07-02T03:07:46.699Z] Session [0add3970-0196-11e4-82a6-bb08b8b15e64] - CONSTRUCTOR - Negotiated Capabilities: {"browserName":"phantomjs","version":"1.9.2","driverName":"ghostdriver","driverVersion":"1.0.4","platform":"mac-unknown-64bit","javascriptEnabled":true,"takesScreenshot":true,"handlesAlerts":false,"databaseEnabled":false,"locationContextEnabled":false,"applicationCacheEnabled":false,"browserConnectionEnabled":false,"cssSelectorsEnabled":true,"webStorageEnabled":false,"rotatable":false,"acceptSslCerts":false,"nativeEvents":true,"proxy":{"proxyType":"direct"}}
[INFO  - 2014-07-02T03:07:46.699Z] SessionManagerReqHand - _postNewSessionCommand - New Session Created: 0add3970-0196-11e4-82a6-bb08b8b15e64
[INFO  - 2014-07-02T03:08:21.678Z] SessionManagerReqHand - _cleanupWindowlessSessions - Asynchronous Sessions clean-up phase starting NOW
[INFO  - 2014-07-02T03:09:28.522Z] GhostDriver - Main - running on port 1687
[INFO  - 2014-07-02T03:09:29.101Z] Session [47e6aea0-0196-11e4-ac98-831f60f15ac8] - _decorateNewWindow - page.settings: {"XSSAuditingEnabled":false,"javascriptCanCloseWindows":true,"javascriptCanOpenWindows":true,"javascriptEnabled":true,"loadImages":true,"localToRemoteUrlAccessEnabled":false,"userAgent":"Mozilla/5.0 (Macintosh; PPC Mac OS X) AppleWebKit/534.34 (KHTML, like Gecko) PhantomJS/1.9.2 Safari/534.34","webSecurityEnabled":true}
[INFO  - 2014-07-02T03:09:29.102Z] Session [47e6aea0-0196-11e4-ac98-831f60f15ac8] - page.customHeaders:  - {}
[INFO  - 2014-07-02T03:09:29.102Z] Session [47e6aea0-0196-11e4-ac98-831f60f15ac8] - CONSTRUCTOR - Desired Capabilities: {"phantomjs.binary.path":"/usr/local/bin/phantomjs"}
[INFO  - 2014-07-02T03:09:29.102Z] Session [47e6aea0-0196-11e4-ac98-831f60f15ac8] - CONSTRUCTOR - Negotiated Capabilities: {"browserName":"phantomjs","version":"1.9.2","driverName":"ghostdriver","driverVersion":"1.0.4","platform":"mac-unknown-64bit","javascriptEnabled":true,"takesScreenshot":true,"handlesAlerts":false,"databaseEnabled":false,"locationContextEnabled":false,"applicationCacheEnabled":false,"browserConnectionEnabled":false,"cssSelectorsEnabled":true,"webStorageEnabled":false,"rotatable":false,"acceptSslCerts":false,"nativeEvents":true,"proxy":{"proxyType":"direct"}}
[INFO  - 2014-07-02T03:09:29.102Z] SessionManagerReqHand - _postNewSessionCommand - New Session Created: 47e6aea0-0196-11e4-ac98-831f60f15ac8
[INFO  - 2014-07-02T03:10:20.965Z] GhostDriver - Main - running on port 32276
[INFO  - 2014-07-02T03:10:21.570Z] Session [672cd0f0-0196-11e4-b922-ef31339c6e5b] - _decorateNewWindow - page.settings: {"XSSAuditingEnabled":false,"javascriptCanCloseWindows":true,"javascriptCanOpenWindows":true,"javascriptEnabled":true,"loadImages":true,"localToRemoteUrlAccessEnabled":false,"userAgent":"Mozilla/5.0 (Macintosh; PPC Mac OS X) AppleWebKit/534.34 (KHTML, like Gecko) PhantomJS/1.9.2 Safari/534.34","webSecurityEnabled":true}
[INFO  - 2014-07-02T03:10:21.570Z] Session [672cd0f0-0196-11e4-b922-ef31339c6e5b] - page.customHeaders:  - {}
[INFO  - 2014-07-02T03:10:21.571Z] Session [672cd0f0-0196-11e4-b922-ef31339c6e5b] - CONSTRUCTOR - Desired Capabilities: {"phantomjs.binary.path":"/usr/local/bin/phantomjs"}
[INFO  - 2014-07-02T03:10:21.571Z] Session [672cd0f0-0196-11e4-b922-ef31339c6e5b] - CONSTRUCTOR - Negotiated Capabilities: {"browserName":"phantomjs","version":"1.9.2","driverName":"ghostdriver","driverVersion":"1.0.4","platform":"mac-unknown-64bit","javascriptEnabled":true,"takesScreenshot":true,"handlesAlerts":false,"databaseEnabled":false,"locationContextEnabled":false,"applicationCacheEnabled":false,"browserConnectionEnabled":false,"cssSelectorsEnabled":true,"webStorageEnabled":false,"rotatable":false,"acceptSslCerts":false,"nativeEvents":true,"proxy":{"proxyType":"direct"}}
[INFO  - 2014-07-02T03:10:21.571Z] SessionManagerReqHand - _postNewSessionCommand - New Session Created: 672cd0f0-0196-11e4-b922-ef31339c6e5b
[INFO  - 2014-07-02T03:10:53.548Z] GhostDriver - Main - running on port 19626
[INFO  - 2014-07-02T03:10:54.123Z] Session [7a940280-0196-11e4-b84d-99531a489aff] - _decorateNewWindow - page.settings: {"XSSAuditingEnabled":false,"javascriptCanCloseWindows":true,"javascriptCanOpenWindows":true,"javascriptEnabled":true,"loadImages":true,"localToRemoteUrlAccessEnabled":false,"userAgent":"Mozilla/5.0 (Macintosh; PPC Mac OS X) AppleWebKit/534.34 (KHTML, like Gecko) PhantomJS/1.9.2 Safari/534.34","webSecurityEnabled":true}
[INFO  - 2014-07-02T03:10:54.123Z] Session [7a940280-0196-11e4-b84d-99531a489aff] - page.customHeaders:  - {}
[INFO  - 2014-07-02T03:10:54.123Z] Session [7a940280-0196-11e4-b84d-99531a489aff] - CONSTRUCTOR - Desired Capabilities: {"phantomjs.binary.path":"/usr/local/bin/phantomjs"}
[INFO  - 2014-07-02T03:10:54.123Z] Session [7a940280-0196-11e4-b84d-99531a489aff] - CONSTRUCTOR - Negotiated Capabilities: {"browserName":"phantomjs","version":"1.9.2","driverName":"ghostdriver","driverVersion":"1.0.4","platform":"mac-unknown-64bit","javascriptEnabled":true,"takesScreenshot":true,"handlesAlerts":false,"databaseEnabled":false,"locationContextEnabled":false,"applicationCacheEnabled":false,"browserConnectionEnabled":false,"cssSelectorsEnabled":true,"webStorageEnabled":false,"rotatable":false,"acceptSslCerts":false,"nativeEvents":true,"proxy":{"proxyType":"direct"}}
[INFO  - 2014-07-02T03:10:54.123Z] SessionManagerReqHand - _postNewSessionCommand - New Session Created: 7a940280-0196-11e4-b84d-99531a489aff
[INFO  - 2014-07-02T03:14:28.523Z] SessionManagerReqHand - _cleanupWindowlessSessions - Asynchronous Sessions clean-up phase starting NOW
[INFO  - 2014-07-02T03:15:20.965Z] SessionManagerReqHand - _cleanupWindowlessSessions - Asynchronous Sessions clean-up phase starting NOW
[INFO  - 2014-07-02T03:15:53.548Z] SessionManagerReqHand - _cleanupWindowlessSessions - Asynchronous Sessions clean-up phase starting NOW
[INFO  - 2014-07-02T03:19:28.524Z] SessionManagerReqHand - _cleanupWindowlessSessions - Asynchronous Sessions clean-up phase starting NOW
[INFO  - 2014-07-02T03:20:20.965Z] SessionManagerReqHand - _cleanupWindowlessSessions - Asynchronous Sessions clean-up phase starting NOW
[INFO  - 2014-07-02T03:20:53.547Z] SessionManagerReqHand - _cleanupWindowlessSessions - Asynchronous Sessions clean-up phase starting NOW
[INFO  - 2014-07-02T03:21:25.591Z] GhostDriver - Main - running on port 17847
[INFO  - 2014-07-02T03:21:26.158Z] Session [f34ce5b0-0197-11e4-b847-3b1ecf8a6915] - _decorateNewWindow - page.settings: {"XSSAuditingEnabled":false,"javascriptCanCloseWindows":true,"javascriptCanOpenWindows":true,"javascriptEnabled":true,"loadImages":true,"localToRemoteUrlAccessEnabled":false,"userAgent":"Mozilla/5.0 (Macintosh; PPC Mac OS X) AppleWebKit/534.34 (KHTML, like Gecko) PhantomJS/1.9.2 Safari/534.34","webSecurityEnabled":true}
[INFO  - 2014-07-02T03:21:26.158Z] Session [f34ce5b0-0197-11e4-b847-3b1ecf8a6915] - page.customHeaders:  - {}
[INFO  - 2014-07-02T03:21:26.158Z] Session [f34ce5b0-0197-11e4-b847-3b1ecf8a6915] - CONSTRUCTOR - Desired Capabilities: {"phantomjs.binary.path":"/usr/local/bin/phantomjs"}
[INFO  - 2014-07-02T03:21:26.158Z] Session [f34ce5b0-0197-11e4-b847-3b1ecf8a6915] - CONSTRUCTOR - Negotiated Capabilities: {"browserName":"phantomjs","version":"1.9.2","driverName":"ghostdriver","driverVersion":"1.0.4","platform":"mac-unknown-64bit","javascriptEnabled":true,"takesScreenshot":true,"handlesAlerts":false,"databaseEnabled":false,"locationContextEnabled":false,"applicationCacheEnabled":false,"browserConnectionEnabled":false,"cssSelectorsEnabled":true,"webStorageEnabled":false,"rotatable":false,"acceptSslCerts":false,"nativeEvents":true,"proxy":{"proxyType":"direct"}}
[INFO  - 2014-07-02T03:21:26.158Z] SessionManagerReqHand - _postNewSessionCommand - New Session Created: f34ce5b0-0197-11e4-b847-3b1ecf8a6915
[INFO  - 2014-07-02T03:21:38.380Z] GhostDriver - Main - running on port 8590
[INFO  - 2014-07-02T03:21:38.989Z] Session [faf2c0a0-0197-11e4-b202-d722176d5e4c] - _decorateNewWindow - page.settings: {"XSSAuditingEnabled":false,"javascriptCanCloseWindows":true,"javascriptCanOpenWindows":true,"javascriptEnabled":true,"loadImages":true,"localToRemoteUrlAccessEnabled":false,"userAgent":"Mozilla/5.0 (Macintosh; PPC Mac OS X) AppleWebKit/534.34 (KHTML, like Gecko) PhantomJS/1.9.2 Safari/534.34","webSecurityEnabled":true}
[INFO  - 2014-07-02T03:21:38.989Z] Session [faf2c0a0-0197-11e4-b202-d722176d5e4c] - page.customHeaders:  - {}
[INFO  - 2014-07-02T03:21:38.989Z] Session [faf2c0a0-0197-11e4-b202-d722176d5e4c] - CONSTRUCTOR - Desired Capabilities: {"phantomjs.binary.path":"/usr/local/bin/phantomjs"}
[INFO  - 2014-07-02T03:21:38.989Z] Session [faf2c0a0-0197-11e4-b202-d722176d5e4c] - CONSTRUCTOR - Negotiated Capabilities: {"browserName":"phantomjs","version":"1.9.2","driverName":"ghostdriver","driverVersion":"1.0.4","platform":"mac-unknown-64bit","javascriptEnabled":true,"takesScreenshot":true,"handlesAlerts":false,"databaseEnabled":false,"locationContextEnabled":false,"applicationCacheEnabled":false,"browserConnectionEnabled":false,"cssSelectorsEnabled":true,"webStorageEnabled":false,"rotatable":false,"acceptSslCerts":false,"nativeEvents":true,"proxy":{"proxyType":"direct"}}
[INFO  - 2014-07-02T03:21:38.989Z] SessionManagerReqHand - _postNewSessionCommand - New Session Created: faf2c0a0-0197-11e4-b202-d722176d5e4c
[INFO  - 2014-07-02T03:22:35.604Z] GhostDriver - Main - running on port 20649
[INFO  - 2014-07-02T03:22:36.183Z] Session [1d09dd40-0198-11e4-9891-f38285d086e4] - _decorateNewWindow - page.settings: {"XSSAuditingEnabled":false,"javascriptCanCloseWindows":true,"javascriptCanOpenWindows":true,"javascriptEnabled":true,"loadImages":true,"localToRemoteUrlAccessEnabled":false,"userAgent":"Mozilla/5.0 (Macintosh; PPC Mac OS X) AppleWebKit/534.34 (KHTML, like Gecko) PhantomJS/1.9.2 Safari/534.34","webSecurityEnabled":true}
[INFO  - 2014-07-02T03:22:36.183Z] Session [1d09dd40-0198-11e4-9891-f38285d086e4] - page.customHeaders:  - {}
[INFO  - 2014-07-02T03:22:36.183Z] Session [1d09dd40-0198-11e4-9891-f38285d086e4] - CONSTRUCTOR - Desired Capabilities: {"phantomjs.binary.path":"/usr/local/bin/phantomjs"}
[INFO  - 2014-07-02T03:22:36.183Z] Session [1d09dd40-0198-11e4-9891-f38285d086e4] - CONSTRUCTOR - Negotiated Capabilities: {"browserName":"phantomjs","version":"1.9.2","driverName":"ghostdriver","driverVersion":"1.0.4","platform":"mac-unknown-64bit","javascriptEnabled":true,"takesScreenshot":true,"handlesAlerts":false,"databaseEnabled":false,"locationContextEnabled":false,"applicationCacheEnabled":false,"browserConnectionEnabled":false,"cssSelectorsEnabled":true,"webStorageEnabled":false,"rotatable":false,"acceptSslCerts":false,"nativeEvents":true,"proxy":{"proxyType":"direct"}}
[INFO  - 2014-07-02T03:22:36.183Z] SessionManagerReqHand - _postNewSessionCommand - New Session Created: 1d09dd40-0198-11e4-9891-f38285d086e4
[INFO  - 2014-07-02T03:22:53.350Z] GhostDriver - Main - running on port 23259
[INFO  - 2014-07-02T03:22:53.959Z] Session [27a24440-0198-11e4-af42-8f5abbc70c4f] - _decorateNewWindow - page.settings: {"XSSAuditingEnabled":false,"javascriptCanCloseWindows":true,"javascriptCanOpenWindows":true,"javascriptEnabled":true,"loadImages":true,"localToRemoteUrlAccessEnabled":false,"userAgent":"Mozilla/5.0 (Macintosh; PPC Mac OS X) AppleWebKit/534.34 (KHTML, like Gecko) PhantomJS/1.9.2 Safari/534.34","webSecurityEnabled":true}
[INFO  - 2014-07-02T03:22:53.959Z] Session [27a24440-0198-11e4-af42-8f5abbc70c4f] - page.customHeaders:  - {}
[INFO  - 2014-07-02T03:22:53.959Z] Session [27a24440-0198-11e4-af42-8f5abbc70c4f] - CONSTRUCTOR - Desired Capabilities: {"phantomjs.binary.path":"/usr/local/bin/phantomjs"}
[INFO  - 2014-07-02T03:22:53.959Z] Session [27a24440-0198-11e4-af42-8f5abbc70c4f] - CONSTRUCTOR - Negotiated Capabilities: {"browserName":"phantomjs","version":"1.9.2","driverName":"ghostdriver","driverVersion":"1.0.4","platform":"mac-unknown-64bit","javascriptEnabled":true,"takesScreenshot":true,"handlesAlerts":false,"databaseEnabled":false,"locationContextEnabled":false,"applicationCacheEnabled":false,"browserConnectionEnabled":false,"cssSelectorsEnabled":true,"webStorageEnabled":false,"rotatable":false,"acceptSslCerts":false,"nativeEvents":true,"proxy":{"proxyType":"direct"}}
[INFO  - 2014-07-02T03:22:53.959Z] SessionManagerReqHand - _postNewSessionCommand - New Session Created: 27a24440-0198-11e4-af42-8f5abbc70c4f
[INFO  - 2014-07-02T03:23:06.622Z] GhostDriver - Main - running on port 47858
[INFO  - 2014-07-02T03:23:07.200Z] Session [2f86aed0-0198-11e4-b975-91f33083ad85] - _decorateNewWindow - page.settings: {"XSSAuditingEnabled":false,"javascriptCanCloseWindows":true,"javascriptCanOpenWindows":true,"javascriptEnabled":true,"loadImages":true,"localToRemoteUrlAccessEnabled":false,"userAgent":"Mozilla/5.0 (Macintosh; PPC Mac OS X) AppleWebKit/534.34 (KHTML, like Gecko) PhantomJS/1.9.2 Safari/534.34","webSecurityEnabled":true}
[INFO  - 2014-07-02T03:23:07.200Z] Session [2f86aed0-0198-11e4-b975-91f33083ad85] - page.customHeaders:  - {}
[INFO  - 2014-07-02T03:23:07.200Z] Session [2f86aed0-0198-11e4-b975-91f33083ad85] - CONSTRUCTOR - Desired Capabilities: {"phantomjs.binary.path":"/usr/local/bin/phantomjs"}
[INFO  - 2014-07-02T03:23:07.200Z] Session [2f86aed0-0198-11e4-b975-91f33083ad85] - CONSTRUCTOR - Negotiated Capabilities: {"browserName":"phantomjs","version":"1.9.2","driverName":"ghostdriver","driverVersion":"1.0.4","platform":"mac-unknown-64bit","javascriptEnabled":true,"takesScreenshot":true,"handlesAlerts":false,"databaseEnabled":false,"locationContextEnabled":false,"applicationCacheEnabled":false,"browserConnectionEnabled":false,"cssSelectorsEnabled":true,"webStorageEnabled":false,"rotatable":false,"acceptSslCerts":false,"nativeEvents":true,"proxy":{"proxyType":"direct"}}
[INFO  - 2014-07-02T03:23:07.200Z] SessionManagerReqHand - _postNewSessionCommand - New Session Created: 2f86aed0-0198-11e4-b975-91f33083ad85
[INFO  - 2014-07-02T03:24:28.524Z] SessionManagerReqHand - _cleanupWindowlessSessions - Asynchronous Sessions clean-up phase starting NOW
[INFO  - 2014-07-02T03:25:20.037Z] GhostDriver - Main - running on port 20902
[INFO  - 2014-07-02T03:25:20.491Z] Session [7ef94680-0198-11e4-9ab3-cb44e0afb1f2] - _decorateNewWindow - page.settings: {"XSSAuditingEnabled":false,"javascriptCanCloseWindows":true,"javascriptCanOpenWindows":true,"javascriptEnabled":true,"loadImages":true,"localToRemoteUrlAccessEnabled":false,"userAgent":"Mozilla/5.0 (Macintosh; PPC Mac OS X) AppleWebKit/534.34 (KHTML, like Gecko) PhantomJS/1.9.2 Safari/534.34","webSecurityEnabled":true}
[INFO  - 2014-07-02T03:25:20.491Z] Session [7ef94680-0198-11e4-9ab3-cb44e0afb1f2] - page.customHeaders:  - {}
[INFO  - 2014-07-02T03:25:20.491Z] Session [7ef94680-0198-11e4-9ab3-cb44e0afb1f2] - CONSTRUCTOR - Desired Capabilities: {"phantomjs.binary.path":"/usr/local/bin/phantomjs"}
[INFO  - 2014-07-02T03:25:20.491Z] Session [7ef94680-0198-11e4-9ab3-cb44e0afb1f2] - CONSTRUCTOR - Negotiated Capabilities: {"browserName":"phantomjs","version":"1.9.2","driverName":"ghostdriver","driverVersion":"1.0.4","platform":"mac-unknown-64bit","javascriptEnabled":true,"takesScreenshot":true,"handlesAlerts":false,"databaseEnabled":false,"locationContextEnabled":false,"applicationCacheEnabled":false,"browserConnectionEnabled":false,"cssSelectorsEnabled":true,"webStorageEnabled":false,"rotatable":false,"acceptSslCerts":false,"nativeEvents":true,"proxy":{"proxyType":"direct"}}
[INFO  - 2014-07-02T03:25:20.491Z] SessionManagerReqHand - _postNewSessionCommand - New Session Created: 7ef94680-0198-11e4-9ab3-cb44e0afb1f2
[INFO  - 2014-07-02T03:25:20.966Z] SessionManagerReqHand - _cleanupWindowlessSessions - Asynchronous Sessions clean-up phase starting NOW
[INFO  - 2014-07-02T03:25:47.086Z] GhostDriver - Main - running on port 6431
[INFO  - 2014-07-02T03:25:47.532Z] Session [8f174080-0198-11e4-a401-61c369b44f5f] - _decorateNewWindow - page.settings: {"XSSAuditingEnabled":false,"javascriptCanCloseWindows":true,"javascriptCanOpenWindows":true,"javascriptEnabled":true,"loadImages":true,"localToRemoteUrlAccessEnabled":false,"userAgent":"Mozilla/5.0 (Macintosh; PPC Mac OS X) AppleWebKit/534.34 (KHTML, like Gecko) PhantomJS/1.9.2 Safari/534.34","webSecurityEnabled":true}
[INFO  - 2014-07-02T03:25:47.532Z] Session [8f174080-0198-11e4-a401-61c369b44f5f] - page.customHeaders:  - {}
[INFO  - 2014-07-02T03:25:47.532Z] Session [8f174080-0198-11e4-a401-61c369b44f5f] - CONSTRUCTOR - Desired Capabilities: {"phantomjs.binary.path":"/usr/local/bin/phantomjs"}
[INFO  - 2014-07-02T03:25:47.532Z] Session [8f174080-0198-11e4-a401-61c369b44f5f] - CONSTRUCTOR - Negotiated Capabilities: {"browserName":"phantomjs","version":"1.9.2","driverName":"ghostdriver","driverVersion":"1.0.4","platform":"mac-unknown-64bit","javascriptEnabled":true,"takesScreenshot":true,"handlesAlerts":false,"databaseEnabled":false,"locationContextEnabled":false,"applicationCacheEnabled":false,"browserConnectionEnabled":false,"cssSelectorsEnabled":true,"webStorageEnabled":false,"rotatable":false,"acceptSslCerts":false,"nativeEvents":true,"proxy":{"proxyType":"direct"}}
[INFO  - 2014-07-02T03:25:47.532Z] SessionManagerReqHand - _postNewSessionCommand - New Session Created: 8f174080-0198-11e4-a401-61c369b44f5f
[INFO  - 2014-07-02T03:25:53.548Z] SessionManagerReqHand - _cleanupWindowlessSessions - Asynchronous Sessions clean-up phase starting NOW
[INFO  - 2014-07-02T03:26:25.591Z] SessionManagerReqHand - _cleanupWindowlessSessions - Asynchronous Sessions clean-up phase starting NOW
[INFO  - 2014-07-02T03:26:38.380Z] SessionManagerReqHand - _cleanupWindowlessSessions - Asynchronous Sessions clean-up phase starting NOW
[INFO  - 2014-07-02T03:27:35.604Z] SessionManagerReqHand - _cleanupWindowlessSessions - Asynchronous Sessions clean-up phase starting NOW
[INFO  - 2014-07-02T03:27:53.350Z] SessionManagerReqHand - _cleanupWindowlessSessions - Asynchronous Sessions clean-up phase starting NOW
[INFO  - 2014-07-02T03:28:06.622Z] SessionManagerReqHand - _cleanupWindowlessSessions - Asynchronous Sessions clean-up phase starting NOW
[INFO  - 2014-07-02T03:29:28.524Z] SessionManagerReqHand - _cleanupWindowlessSessions - Asynchronous Sessions clean-up phase starting NOW
[INFO  - 2014-07-02T03:30:20.037Z] SessionManagerReqHand - _cleanupWindowlessSessions - Asynchronous Sessions clean-up phase starting NOW
[INFO  - 2014-07-02T03:30:20.966Z] SessionManagerReqHand - _cleanupWindowlessSessions - Asynchronous Sessions clean-up phase starting NOW
[INFO  - 2014-07-02T03:30:47.086Z] SessionManagerReqHand - _cleanupWindowlessSessions - Asynchronous Sessions clean-up phase starting NOW
[INFO  - 2014-07-02T03:30:53.548Z] SessionManagerReqHand - _cleanupWindowlessSessions - Asynchronous Sessions clean-up phase starting NOW
[INFO  - 2014-07-02T03:31:25.590Z] SessionManagerReqHand - _cleanupWindowlessSessions - Asynchronous Sessions clean-up phase starting NOW
[INFO  - 2014-07-02T03:31:38.380Z] SessionManagerReqHand - _cleanupWindowlessSessions - Asynchronous Sessions clean-up phase starting NOW
[INFO  - 2014-07-02T03:32:35.604Z] SessionManagerReqHand - _cleanupWindowlessSessions - Asynchronous Sessions clean-up phase starting NOW
[INFO  - 2014-07-02T03:32:53.351Z] SessionManagerReqHand - _cleanupWindowlessSessions - Asynchronous Sessions clean-up phase starting NOW
[INFO  - 2014-07-02T03:33:06.622Z] SessionManagerReqHand - _cleanupWindowlessSessions - Asynchronous Sessions clean-up phase starting NOW
[INFO  - 2014-07-02T03:34:28.524Z] SessionManagerReqHand - _cleanupWindowlessSessions - Asynchronous Sessions clean-up phase starting NOW
[INFO  - 2014-07-02T03:35:20.037Z] SessionManagerReqHand - _cleanupWindowlessSessions - Asynchronous Sessions clean-up phase starting NOW
[INFO  - 2014-07-02T03:35:20.967Z] SessionManagerReqHand - _cleanupWindowlessSessions - Asynchronous Sessions clean-up phase starting NOW
[INFO  - 2014-07-02T03:35:47.086Z] SessionManagerReqHand - _cleanupWindowlessSessions - Asynchronous Sessions clean-up phase starting NOW
[INFO  - 2014-07-02T03:35:53.549Z] SessionManagerReqHand - _cleanupWindowlessSessions - Asynchronous Sessions clean-up phase starting NOW
[INFO  - 2014-07-02T03:36:25.590Z] SessionManagerReqHand - _cleanupWindowlessSessions - Asynchronous Sessions clean-up phase starting NOW
[INFO  - 2014-07-02T03:36:38.380Z] SessionManagerReqHand - _cleanupWindowlessSessions - Asynchronous Sessions clean-up phase starting NOW
[INFO  - 2014-07-02T03:37:35.604Z] SessionManagerReqHand - _cleanupWindowlessSessions - Asynchronous Sessions clean-up phase starting NOW
[INFO  - 2014-07-02T03:37:53.352Z] SessionManagerReqHand - _cleanupWindowlessSessions - Asynchronous Sessions clean-up phase starting NOW
[INFO  - 2014-07-02T03:38:06.622Z] SessionManagerReqHand - _cleanupWindowlessSessions - Asynchronous Sessions clean-up phase starting NOW
[INFO  - 2014-07-02T03:39:28.525Z] SessionManagerReqHand - _cleanupWindowlessSessions - Asynchronous Sessions clean-up phase starting NOW
[INFO  - 2014-07-02T03:40:20.037Z] SessionManagerReqHand - _cleanupWindowlessSessions - Asynchronous Sessions clean-up phase starting NOW
[INFO  - 2014-07-02T03:40:20.967Z] SessionManagerReqHand - _cleanupWindowlessSessions - Asynchronous Sessions clean-up phase starting NOW
[INFO  - 2014-07-02T03:40:47.087Z] SessionManagerReqHand - _cleanupWindowlessSessions - Asynchronous Sessions clean-up phase starting NOW
[INFO  - 2014-07-02T03:40:53.549Z] SessionManagerReqHand - _cleanupWindowlessSessions - Asynchronous Sessions clean-up phase starting NOW
[INFO  - 2014-07-02T03:41:25.591Z] SessionManagerReqHand - _cleanupWindowlessSessions - Asynchronous Sessions clean-up phase starting NOW
[INFO  - 2014-07-02T03:41:38.381Z] SessionManagerReqHand - _cleanupWindowlessSessions - Asynchronous Sessions clean-up phase starting NOW
[INFO  - 2014-07-02T03:42:35.604Z] SessionManagerReqHand - _cleanupWindowlessSessions - Asynchronous Sessions clean-up phase starting NOW
[INFO  - 2014-07-02T03:42:53.353Z] SessionManagerReqHand - _cleanupWindowlessSessions - Asynchronous Sessions clean-up phase starting NOW
[INFO  - 2014-07-02T03:43:06.622Z] SessionManagerReqHand - _cleanupWindowlessSessions - Asynchronous Sessions clean-up phase starting NOW
[INFO  - 2014-07-02T03:44:28.525Z] SessionManagerReqHand - _cleanupWindowlessSessions - Asynchronous Sessions clean-up phase starting NOW
[INFO  - 2014-07-02T03:45:20.038Z] SessionManagerReqHand - _cleanupWindowlessSessions - Asynchronous Sessions clean-up phase starting NOW
[INFO  - 2014-07-02T03:45:20.967Z] SessionManagerReqHand - _cleanupWindowlessSessions - Asynchronous Sessions clean-up phase starting NOW
[INFO  - 2014-07-02T03:45:47.087Z] SessionManagerReqHand - _cleanupWindowlessSessions - Asynchronous Sessions clean-up phase starting NOW
[INFO  - 2014-07-02T03:45:53.550Z] SessionManagerReqHand - _cleanupWindowlessSessions - Asynchronous Sessions clean-up phase starting NOW
[INFO  - 2014-07-02T03:46:25.591Z] SessionManagerReqHand - _cleanupWindowlessSessions - Asynchronous Sessions clean-up phase starting NOW
[INFO  - 2014-07-02T03:46:38.381Z] SessionManagerReqHand - _cleanupWindowlessSessions - Asynchronous Sessions clean-up phase starting NOW
[INFO  - 2014-07-02T03:47:35.604Z] SessionManagerReqHand - _cleanupWindowlessSessions - Asynchronous Sessions clean-up phase starting NOW
[INFO  - 2014-07-02T03:47:53.353Z] SessionManagerReqHand - _cleanupWindowlessSessions - Asynchronous Sessions clean-up phase starting NOW
[INFO  - 2014-07-02T03:48:06.622Z] SessionManagerReqHand - _cleanupWindowlessSessions - Asynchronous Sessions clean-up phase starting NOW
[INFO  - 2014-07-02T03:49:28.525Z] SessionManagerReqHand - _cleanupWindowlessSessions - Asynchronous Sessions clean-up phase starting NOW
[INFO  - 2014-07-02T03:50:20.037Z] SessionManagerReqHand - _cleanupWindowlessSessions - Asynchronous Sessions clean-up phase starting NOW
[INFO  - 2014-07-02T03:50:20.967Z] SessionManagerReqHand - _cleanupWindowlessSessions - Asynchronous Sessions clean-up phase starting NOW
[INFO  - 2014-07-02T03:50:47.087Z] SessionManagerReqHand - _cleanupWindowlessSessions - Asynchronous Sessions clean-up phase starting NOW
[INFO  - 2014-07-02T03:50:53.550Z] SessionManagerReqHand - _cleanupWindowlessSessions - Asynchronous Sessions clean-up phase starting NOW
[INFO  - 2014-07-02T03:51:25.591Z] SessionManagerReqHand - _cleanupWindowlessSessions - Asynchronous Sessions clean-up phase starting NOW
[INFO  - 2014-07-02T03:51:38.381Z] SessionManagerReqHand - _cleanupWindowlessSessions - Asynchronous Sessions clean-up phase starting NOW
[INFO  - 2014-07-02T03:52:35.605Z] SessionManagerReqHand - _cleanupWindowlessSessions - Asynchronous Sessions clean-up phase starting NOW
[INFO  - 2014-07-02T03:52:53.353Z] SessionManagerReqHand - _cleanupWindowlessSessions - Asynchronous Sessions clean-up phase starting NOW
[INFO  - 2014-07-02T03:53:06.622Z] SessionManagerReqHand - _cleanupWindowlessSessions - Asynchronous Sessions clean-up phase starting NOW
[INFO  - 2014-07-02T03:54:28.526Z] SessionManagerReqHand - _cleanupWindowlessSessions - Asynchronous Sessions clean-up phase starting NOW
[INFO  - 2014-07-02T03:55:20.038Z] SessionManagerReqHand - _cleanupWindowlessSessions - Asynchronous Sessions clean-up phase starting NOW
[INFO  - 2014-07-02T03:55:20.968Z] SessionManagerReqHand - _cleanupWindowlessSessions - Asynchronous Sessions clean-up phase starting NOW
[INFO  - 2014-07-02T03:55:47.087Z] SessionManagerReqHand - _cleanupWindowlessSessions - Asynchronous Sessions clean-up phase starting NOW
[INFO  - 2014-07-02T03:55:53.550Z] SessionManagerReqHand - _cleanupWindowlessSessions - Asynchronous Sessions clean-up phase starting NOW
[INFO  - 2014-07-02T03:56:25.591Z] SessionManagerReqHand - _cleanupWindowlessSessions - Asynchronous Sessions clean-up phase starting NOW
[INFO  - 2014-07-02T03:56:38.382Z] SessionManagerReqHand - _cleanupWindowlessSessions - Asynchronous Sessions clean-up phase starting NOW
[INFO  - 2014-07-02T03:57:35.606Z] SessionManagerReqHand - _cleanupWindowlessSessions - Asynchronous Sessions clean-up phase starting NOW
[INFO  - 2014-07-02T03:57:53.353Z] SessionManagerReqHand - _cleanupWindowlessSessions - Asynchronous Sessions clean-up phase starting NOW
[INFO  - 2014-07-02T03:58:06.623Z] SessionManagerReqHand - _cleanupWindowlessSessions - Asynchronous Sessions clean-up phase starting NOW
[INFO  - 2014-07-02T03:59:28.526Z] SessionManagerReqHand - _cleanupWindowlessSessions - Asynchronous Sessions clean-up phase starting NOW
[INFO  - 2014-07-02T04:00:20.038Z] SessionManagerReqHand - _cleanupWindowlessSessions - Asynchronous Sessions clean-up phase starting NOW
[INFO  - 2014-07-02T04:00:20.968Z] SessionManagerReqHand - _cleanupWindowlessSessions - Asynchronous Sessions clean-up phase starting NOW
[INFO  - 2014-07-02T04:00:47.087Z] SessionManagerReqHand - _cleanupWindowlessSessions - Asynchronous Sessions clean-up phase starting NOW
[INFO  - 2014-07-02T04:00:53.550Z] SessionManagerReqHand - _cleanupWindowlessSessions - Asynchronous Sessions clean-up phase starting NOW
[INFO  - 2014-07-02T04:01:25.591Z] SessionManagerReqHand - _cleanupWindowlessSessions - Asynchronous Sessions clean-up phase starting NOW
[INFO  - 2014-07-02T04:01:38.382Z] SessionManagerReqHand - _cleanupWindowlessSessions - Asynchronous Sessions clean-up phase starting NOW
[INFO  - 2014-07-02T04:02:35.606Z] SessionManagerReqHand - _cleanupWindowlessSessions - Asynchronous Sessions clean-up phase starting NOW
[INFO  - 2014-07-02T04:02:53.353Z] SessionManagerReqHand - _cleanupWindowlessSessions - Asynchronous Sessions clean-up phase starting NOW
[INFO  - 2014-07-02T04:03:06.623Z] SessionManagerReqHand - _cleanupWindowlessSessions - Asynchronous Sessions clean-up phase starting NOW
[INFO  - 2014-07-02T04:04:28.526Z] SessionManagerReqHand - _cleanupWindowlessSessions - Asynchronous Sessions clean-up phase starting NOW
[INFO  - 2014-07-02T04:05:20.038Z] SessionManagerReqHand - _cleanupWindowlessSessions - Asynchronous Sessions clean-up phase starting NOW
[INFO  - 2014-07-02T04:05:20.969Z] SessionManagerReqHand - _cleanupWindowlessSessions - Asynchronous Sessions clean-up phase starting NOW
[INFO  - 2014-07-02T04:05:47.088Z] SessionManagerReqHand - _cleanupWindowlessSessions - Asynchronous Sessions clean-up phase starting NOW
[INFO  - 2014-07-02T04:05:53.551Z] SessionManagerReqHand - _cleanupWindowlessSessions - Asynchronous Sessions clean-up phase starting NOW
[INFO  - 2014-07-02T04:06:25.592Z] SessionManagerReqHand - _cleanupWindowlessSessions - Asynchronous Sessions clean-up phase starting NOW
[INFO  - 2014-07-02T04:06:38.382Z] SessionManagerReqHand - _cleanupWindowlessSessions - Asynchronous Sessions clean-up phase starting NOW
[INFO  - 2014-07-02T04:07:35.606Z] SessionManagerReqHand - _cleanupWindowlessSessions - Asynchronous Sessions clean-up phase starting NOW
[INFO  - 2014-07-02T04:07:53.353Z] SessionManagerReqHand - _cleanupWindowlessSessions - Asynchronous Sessions clean-up phase starting NOW
[INFO  - 2014-07-02T04:08:06.624Z] SessionManagerReqHand - _cleanupWindowlessSessions - Asynchronous Sessions clean-up phase starting NOW
[INFO  - 2014-07-02T04:09:28.526Z] SessionManagerReqHand - _cleanupWindowlessSessions - Asynchronous Sessions clean-up phase starting NOW
[INFO  - 2014-07-02T04:10:20.038Z] SessionManagerReqHand - _cleanupWindowlessSessions - Asynchronous Sessions clean-up phase starting NOW
[INFO  - 2014-07-02T04:10:20.970Z] SessionManagerReqHand - _cleanupWindowlessSessions - Asynchronous Sessions clean-up phase starting NOW
[INFO  - 2014-07-02T04:10:47.088Z] SessionManagerReqHand - _cleanupWindowlessSessions - Asynchronous Sessions clean-up phase starting NOW
[INFO  - 2014-07-02T04:10:53.551Z] SessionManagerReqHand - _cleanupWindowlessSessions - Asynchronous Sessions clean-up phase starting NOW
[INFO  - 2014-07-02T04:11:25.592Z] SessionManagerReqHand - _cleanupWindowlessSessions - Asynchronous Sessions clean-up phase starting NOW
[INFO  - 2014-07-02T04:11:38.382Z] SessionManagerReqHand - _cleanupWindowlessSessions - Asynchronous Sessions clean-up phase starting NOW
[INFO  - 2014-07-02T04:12:35.606Z] SessionManagerReqHand - _cleanupWindowlessSessions - Asynchronous Sessions clean-up phase starting NOW
[INFO  - 2014-07-02T04:12:53.354Z] SessionManagerReqHand - _cleanupWindowlessSessions - Asynchronous Sessions clean-up phase starting NOW
[INFO  - 2014-07-02T04:13:06.624Z] SessionManagerReqHand - _cleanupWindowlessSessions - Asynchronous Sessions clean-up phase starting NOW
[INFO  - 2014-07-02T04:14:28.526Z] SessionManagerReqHand - _cleanupWindowlessSessions - Asynchronous Sessions clean-up phase starting NOW
[INFO  - 2014-07-02T04:15:20.039Z] SessionManagerReqHand - _cleanupWindowlessSessions - Asynchronous Sessions clean-up phase starting NOW
[INFO  - 2014-07-02T04:15:20.970Z] SessionManagerReqHand - _cleanupWindowlessSessions - Asynchronous Sessions clean-up phase starting NOW
[INFO  - 2014-07-02T04:15:47.088Z] SessionManagerReqHand - _cleanupWindowlessSessions - Asynchronous Sessions clean-up phase starting NOW
[INFO  - 2014-07-02T04:15:53.551Z] SessionManagerReqHand - _cleanupWindowlessSessions - Asynchronous Sessions clean-up phase starting NOW
[INFO  - 2014-07-02T04:16:25.592Z] SessionManagerReqHand - _cleanupWindowlessSessions - Asynchronous Sessions clean-up phase starting NOW
